<?xml version="1.0" encoding="UTF-8"?>
<testng-results ignored="0" total="2" passed="2" failed="0" skipped="0">
  <reporter-output>
  </reporter-output>
  <suite started-at="2022-09-24T04:10:39 IST" name="Default suite" finished-at="2022-09-24T04:11:43 IST" duration-ms="64299">
    <groups>
      <group name="cucumber">
        <method signature="AbstractTestNGCucumberTests.runScenario(io.cucumber.testng.PickleWrapper,io.cucumber.testng.FeatureWrapper)[pri:0, instance:Cucumber.TestRunner@645aa696]" name="runScenario" class="io.cucumber.testng.AbstractTestNGCucumberTests"/>
      </group> <!-- cucumber -->
    </groups>
    <test started-at="2022-09-24T04:10:39 IST" name="Default test" finished-at="2022-09-24T04:11:43 IST" duration-ms="64299">
      <class name="Cucumber.TestRunner">
        <test-method is-config="true" signature="setUpClass(org.testng.ITestContext)[pri:0, instance:Cucumber.TestRunner@645aa696]" started-at="2022-09-24T04:10:39 IST" name="setUpClass" finished-at="2022-09-24T04:10:40 IST" duration-ms="741" status="PASS">
          <params>
            <param index="0">
              <value>
                <![CDATA[org.testng.TestRunner@6642dc5a]]>
              </value>
            </param>
          </params>
          <reporter-output>
          </reporter-output>
        </test-method> <!-- setUpClass -->
        <test-method signature="runScenario(io.cucumber.testng.PickleWrapper,io.cucumber.testng.FeatureWrapper)[pri:0, instance:Cucumber.TestRunner@645aa696]" started-at="2022-09-24T04:10:40 IST" name="runScenario" description="Runs Cucumber Scenarios" data-provider="scenarios" finished-at="2022-09-24T04:11:17 IST" duration-ms="37494" status="PASS">
          <params>
            <param index="0">
              <value>
                <![CDATA["purchase item order with wrong credentials"]]>
              </value>
            </param>
            <param index="1">
              <value>
                <![CDATA["Your Logo Ecommerce Website"]]>
              </value>
            </param>
          </params>
          <reporter-output>
          </reporter-output>
        </test-method> <!-- runScenario -->
        <test-method signature="runScenario(io.cucumber.testng.PickleWrapper,io.cucumber.testng.FeatureWrapper)[pri:0, instance:Cucumber.TestRunner@645aa696]" started-at="2022-09-24T04:10:40 IST" name="runScenario" description="Runs Cucumber Scenarios" data-provider="scenarios" finished-at="2022-09-24T04:11:43 IST" duration-ms="63020" status="PASS">
          <params>
            <param index="0">
              <value>
                <![CDATA["purchase item order with correct credentials"]]>
              </value>
            </param>
            <param index="1">
              <value>
                <![CDATA["Your Logo Ecommerce Website"]]>
              </value>
            </param>
          </params>
          <reporter-output>
          </reporter-output>
        </test-method> <!-- runScenario -->
        <test-method is-config="true" signature="tearDownClass()[pri:0, instance:Cucumber.TestRunner@645aa696]" started-at="2022-09-24T04:11:43 IST" name="tearDownClass" finished-at="2022-09-24T04:11:43 IST" duration-ms="491" status="PASS">
          <reporter-output>
          </reporter-output>
        </test-method> <!-- tearDownClass -->
      </class> <!-- Cucumber.TestRunner -->
    </test> <!-- Default test -->
  </suite> <!-- Default suite -->
</testng-results>
